2025-01-15 12:28:42,874 INFO: 应用启动 [in /Users/chenjuze/Desktop/cursor/转线上/app.py:40]
2025-01-15 12:28:44,372 INFO: 应用启动 [in /Users/chenjuze/Desktop/cursor/转线上/app.py:40]
2025-01-15 12:30:12,973 INFO: 应用启动 [in /Users/chenjuze/Desktop/cursor/转线上/app.py:42]
2025-01-15 12:30:22,421 INFO: 应用启动 [in /Users/chenjuze/Desktop/cursor/转线上/app.py:42]
2025-01-15 12:30:46,087 ERROR: 处理失败: name 'ALLOWED_EXTENSIONS' is not defined [in /Users/chenjuze/Desktop/cursor/转线上/app.py:141]
2025-01-15 12:31:30,561 INFO: 应用启动 [in /Users/chenjuze/Desktop/cursor/转线上/app.py:42]
2025-01-15 12:31:39,769 ERROR: 服务器内部错误: name 'ALLOWED_EXTENSIONS' is not defined [in /Users/chenjuze/Desktop/cursor/转线上/app.py:170]
2025-01-15 12:32:25,475 INFO: 应用启动 [in /Users/chenjuze/Desktop/cursor/转线上/app.py:42]
2025-01-15 12:32:25,581 INFO: 开始处理数据... 订单文件: uploads/5ad740db-5dec-45d3-844d-e1db66f9966e_1.xlsx, 排班表: uploads/c1a334eb-7fa4-466f-a905-49c17772c43c_2.xlsx [in /Users/chenjuze/Desktop/cursor/转线上/app.py:218]
2025-01-15 12:32:25,581 INFO: 正在读取订单数据... [in /Users/chenjuze/Desktop/cursor/转线上/app.py:221]
2025-01-15 12:33:20,632 INFO: 成功读取订单数据，共 10704 行 [in /Users/chenjuze/Desktop/cursor/转线上/app.py:224]
2025-01-15 12:33:30,213 ERROR: 数据处理失败: 日期时间格式转换失败: <class 'datetime.time'> is not convertible to datetime, at position 0 [in /Users/chenjuze/Desktop/cursor/转线上/app.py:343]
2025-01-15 12:33:30,214 ERROR: 处理文件时发生错误: 日期时间格式转换失败: <class 'datetime.time'> is not convertible to datetime, at position 0 [in /Users/chenjuze/Desktop/cursor/转线上/app.py:155]
2025-01-15 12:33:30,214 ERROR: Excel处理错误: 日期时间格式转换失败: <class 'datetime.time'> is not convertible to datetime, at position 0 [in /Users/chenjuze/Desktop/cursor/转线上/app.py:166]
2025-01-15 12:39:26,070 INFO: 应用启动 [in /Users/chenjuze/Desktop/cursor/转线上/app.py:43]
2025-01-15 12:39:41,471 INFO: 开始处理数据... 订单文件: uploads/aa78735c-b181-4de9-b574-d767530b8800_1.xlsx, 排班表: uploads/26564892-a4f8-4d2e-911e-f53bc46685aa_2.xlsx [in /Users/chenjuze/Desktop/cursor/转线上/app.py:208]
2025-01-15 12:40:14,052 INFO: 数据处理完成 [in /Users/chenjuze/Desktop/cursor/转线上/app.py:337]
2025-01-15 12:42:53,774 INFO: 应用启动 [in /Users/chenjuze/Desktop/cursor/转线上/app.py:43]
2025-01-15 12:43:07,933 INFO: 开始处理数据... 订单文件: uploads/6da780c3-4dbe-4713-ab58-a990c4237ee1_1.xlsx, 排班表: uploads/311539ac-be67-41b2-a8ab-a58fa2bfedf6_2.xlsx [in /Users/chenjuze/Desktop/cursor/转线上/app.py:208]
2025-01-15 12:44:05,966 INFO: 数据处理完成 [in /Users/chenjuze/Desktop/cursor/转线上/app.py:368]
